[2025-01-27 14:49:24Z INFO HostContext] No proxy settings were found based on environmental variables (http_proxy/https_proxy/HTTP_PROXY/HTTPS_PROXY)
[2025-01-27 14:49:24Z INFO HostContext] Well known directory 'Bin': 'D:\PROGRAMING\3rdprdev\actions-runner\bin'
[2025-01-27 14:49:24Z INFO HostContext] Well known directory 'Root': 'D:\PROGRAMING\3rdprdev\actions-runner'
[2025-01-27 14:49:24Z INFO HostContext] Well known config file 'Credentials': 'D:\PROGRAMING\3rdprdev\actions-runner\.credentials'
[2025-01-27 14:49:24Z INFO HostContext] Well known directory 'Bin': 'D:\PROGRAMING\3rdprdev\actions-runner\bin'
[2025-01-27 14:49:24Z INFO HostContext] Well known directory 'Root': 'D:\PROGRAMING\3rdprdev\actions-runner'
[2025-01-27 14:49:24Z INFO HostContext] Well known config file 'Runner': 'D:\PROGRAMING\3rdprdev\actions-runner\.runner'
[2025-01-27 14:49:24Z INFO Listener] Runner is built for Windows (X64) - win-x64.
[2025-01-27 14:49:24Z INFO Listener] RuntimeInformation: Microsoft Windows 10.0.22631.
[2025-01-27 14:49:24Z INFO Listener] Version: 2.321.0
[2025-01-27 14:49:24Z INFO Listener] Commit: e249007931b7c8e857797fa259c167f0bd4f997a
[2025-01-27 14:49:24Z INFO Listener] Culture: en-US
[2025-01-27 14:49:24Z INFO Listener] UI Culture: en-US
[2025-01-27 14:49:24Z INFO HostContext] Well known directory 'Bin': 'D:\PROGRAMING\3rdprdev\actions-runner\bin'
[2025-01-27 14:49:24Z INFO HostContext] Well known directory 'Root': 'D:\PROGRAMING\3rdprdev\actions-runner'
[2025-01-27 14:49:24Z INFO Listener] Validating directory permissions for: 'D:\PROGRAMING\3rdprdev\actions-runner'
[2025-01-27 14:49:24Z INFO CommandLineParser] Parse
[2025-01-27 14:49:24Z INFO CommandLineParser] Parsing 5 args
[2025-01-27 14:49:24Z INFO CommandLineParser] parsing argument
[2025-01-27 14:49:24Z INFO CommandLineParser] HasArgs: False
[2025-01-27 14:49:24Z INFO CommandLineParser] Adding Command: configure
[2025-01-27 14:49:24Z INFO CommandLineParser] parsing argument
[2025-01-27 14:49:24Z INFO CommandLineParser] HasArgs: True
[2025-01-27 14:49:24Z INFO CommandLineParser] arg: url
[2025-01-27 14:49:24Z INFO CommandLineParser] parsing argument
[2025-01-27 14:49:24Z INFO CommandLineParser] HasArgs: True
[2025-01-27 14:49:24Z INFO CommandLineParser] Adding option 'url': 'https://github.com/adithyaLaxmiprasad/3rdprdev'
[2025-01-27 14:49:24Z INFO CommandLineParser] parsing argument
[2025-01-27 14:49:24Z INFO CommandLineParser] HasArgs: True
[2025-01-27 14:49:24Z INFO CommandLineParser] arg: token
[2025-01-27 14:49:24Z INFO CommandLineParser] parsing argument
[2025-01-27 14:49:24Z INFO CommandLineParser] HasArgs: True
[2025-01-27 14:49:24Z INFO CommandLineParser] Adding option 'token': '***'
[2025-01-27 14:49:24Z INFO Listener] Arguments parsed
[2025-01-27 14:49:24Z INFO Runner] ExecuteCommand
[2025-01-27 14:49:24Z INFO ConfigurationStore] currentAssemblyLocation: D:\PROGRAMING\3rdprdev\actions-runner\bin\Runner.Listener.dll
[2025-01-27 14:49:24Z INFO HostContext] Well known directory 'Bin': 'D:\PROGRAMING\3rdprdev\actions-runner\bin'
[2025-01-27 14:49:24Z INFO ConfigurationStore] binPath: D:\PROGRAMING\3rdprdev\actions-runner\bin
[2025-01-27 14:49:24Z INFO HostContext] Well known directory 'Bin': 'D:\PROGRAMING\3rdprdev\actions-runner\bin'
[2025-01-27 14:49:24Z INFO HostContext] Well known directory 'Root': 'D:\PROGRAMING\3rdprdev\actions-runner'
[2025-01-27 14:49:24Z INFO ConfigurationStore] RootFolder: D:\PROGRAMING\3rdprdev\actions-runner
[2025-01-27 14:49:24Z INFO HostContext] Well known directory 'Bin': 'D:\PROGRAMING\3rdprdev\actions-runner\bin'
[2025-01-27 14:49:24Z INFO HostContext] Well known directory 'Root': 'D:\PROGRAMING\3rdprdev\actions-runner'
[2025-01-27 14:49:24Z INFO HostContext] Well known config file 'Runner': 'D:\PROGRAMING\3rdprdev\actions-runner\.runner'
[2025-01-27 14:49:24Z INFO ConfigurationStore] ConfigFilePath: D:\PROGRAMING\3rdprdev\actions-runner\.runner
[2025-01-27 14:49:24Z INFO HostContext] Well known directory 'Bin': 'D:\PROGRAMING\3rdprdev\actions-runner\bin'
[2025-01-27 14:49:24Z INFO HostContext] Well known directory 'Root': 'D:\PROGRAMING\3rdprdev\actions-runner'
[2025-01-27 14:49:24Z INFO HostContext] Well known config file 'Credentials': 'D:\PROGRAMING\3rdprdev\actions-runner\.credentials'
[2025-01-27 14:49:24Z INFO ConfigurationStore] CredFilePath: D:\PROGRAMING\3rdprdev\actions-runner\.credentials
[2025-01-27 14:49:24Z INFO HostContext] Well known directory 'Bin': 'D:\PROGRAMING\3rdprdev\actions-runner\bin'
[2025-01-27 14:49:24Z INFO HostContext] Well known directory 'Root': 'D:\PROGRAMING\3rdprdev\actions-runner'
[2025-01-27 14:49:24Z INFO HostContext] Well known config file 'MigratedCredentials': 'D:\PROGRAMING\3rdprdev\actions-runner\.credentials_migrated'
[2025-01-27 14:49:24Z INFO ConfigurationStore] MigratedCredFilePath: D:\PROGRAMING\3rdprdev\actions-runner\.credentials_migrated
[2025-01-27 14:49:24Z INFO HostContext] Well known directory 'Bin': 'D:\PROGRAMING\3rdprdev\actions-runner\bin'
[2025-01-27 14:49:24Z INFO HostContext] Well known directory 'Root': 'D:\PROGRAMING\3rdprdev\actions-runner'
[2025-01-27 14:49:24Z INFO HostContext] Well known config file 'Service': 'D:\PROGRAMING\3rdprdev\actions-runner\.service'
[2025-01-27 14:49:24Z INFO ConfigurationStore] ServiceConfigFilePath: D:\PROGRAMING\3rdprdev\actions-runner\.service
[2025-01-27 14:49:24Z INFO CommandSettings] Flag 'help': 'False'
[2025-01-27 14:49:24Z INFO CommandSettings] Flag 'version': 'False'
[2025-01-27 14:49:24Z INFO CommandSettings] Flag 'commit': 'False'
[2025-01-27 14:49:24Z INFO CommandSettings] Flag 'check': 'False'
[2025-01-27 14:49:24Z INFO CommandSettings] Command 'configure': 'True'
[2025-01-27 14:49:24Z INFO Terminal] WRITE LINE: 
[2025-01-27 14:49:24Z INFO Terminal] WRITE LINE: --------------------------------------------------------------------------------
[2025-01-27 14:49:24Z INFO Terminal] WRITE LINE: |        ____ _ _   _   _       _          _        _   _                      |
[2025-01-27 14:49:24Z INFO Terminal] WRITE LINE: |       / ___(_) |_| | | |_   _| |__      / \   ___| |_(_) ___  _ __  ___      |
[2025-01-27 14:49:24Z INFO Terminal] WRITE LINE: |      | |  _| | __| |_| | | | | '_ \    / _ \ / __| __| |/ _ \| '_ \/ __|     |
[2025-01-27 14:49:24Z INFO Terminal] WRITE LINE: |      | |_| | | |_|  _  | |_| | |_) |  / ___ \ (__| |_| | (_) | | | \__ \     |
[2025-01-27 14:49:24Z INFO Terminal] WRITE LINE: |       \____|_|\__|_| |_|\__,_|_.__/  /_/   \_\___|\__|_|\___/|_| |_|___/     |
[2025-01-27 14:49:24Z INFO Terminal] WRITE LINE: |                                                                              |
[2025-01-27 14:49:24Z INFO Terminal] WRITE: |                       
[2025-01-27 14:49:24Z INFO Terminal] WRITE: Self-hosted runner registration
[2025-01-27 14:49:24Z INFO Terminal] WRITE LINE:                         |
[2025-01-27 14:49:24Z INFO Terminal] WRITE LINE: |                                                                              |
[2025-01-27 14:49:24Z INFO Terminal] WRITE LINE: --------------------------------------------------------------------------------
[2025-01-27 14:49:24Z INFO ConfigurationManager] ConfigureAsync
[2025-01-27 14:49:24Z INFO CommandSettings] Flag 'generateServiceConfig': 'False'
[2025-01-27 14:49:24Z INFO ConfigurationStore] IsConfigured()
[2025-01-27 14:49:24Z INFO ConfigurationStore] IsConfigured: False
[2025-01-27 14:49:24Z INFO ConfigurationManager] Is configured: False
[2025-01-27 14:49:24Z INFO CommandSettings] Arg 'url': 'https://github.com/adithyaLaxmiprasad/3rdprdev'
[2025-01-27 14:49:24Z INFO CommandSettings] Remove url from Arg dictionary.
[2025-01-27 14:49:24Z INFO CommandSettings] Arg 'token': '***'
[2025-01-27 14:49:24Z INFO CommandSettings] Remove token from Arg dictionary.
[2025-01-27 14:49:25Z INFO ConfigurationManager] Http response code: OK from 'POST https://api.github.com/actions/runner-registration' (DDB9:0A66:9C478B:BFC6EA:67979CEB)
[2025-01-27 14:49:25Z INFO ConfigurationManager] Using V2 flow: False
[2025-01-27 14:49:25Z INFO ConfigurationManager] cred retrieved via GitHub auth
[2025-01-27 14:49:25Z INFO RunnerServer] EstablishVssConnection
[2025-01-27 14:49:25Z INFO RunnerServer] Establish connection with 100 seconds timeout.
[2025-01-27 14:49:25Z INFO GitHubActionsService] Starting operation Location.GetConnectionData
[2025-01-27 14:49:25Z INFO RunnerServer] EstablishVssConnection
[2025-01-27 14:49:25Z INFO RunnerServer] Establish connection with 60 seconds timeout.
[2025-01-27 14:49:25Z INFO GitHubActionsService] Starting operation Location.GetConnectionData
[2025-01-27 14:49:25Z INFO RunnerServer] EstablishVssConnection
[2025-01-27 14:49:25Z INFO RunnerServer] Establish connection with 60 seconds timeout.
[2025-01-27 14:49:25Z INFO GitHubActionsService] Starting operation Location.GetConnectionData
[2025-01-27 14:49:25Z INFO GitHubActionsService] Finished operation Location.GetConnectionData
[2025-01-27 14:49:26Z INFO GitHubActionsService] Finished operation Location.GetConnectionData
[2025-01-27 14:49:26Z INFO GitHubActionsService] Finished operation Location.GetConnectionData
[2025-01-27 14:49:26Z INFO Terminal] WRITE LINE: 
[2025-01-27 14:49:26Z INFO ConfigurationManager] Test Connection complete.
[2025-01-27 14:49:26Z INFO HostContext] Well known directory 'Bin': 'D:\PROGRAMING\3rdprdev\actions-runner\bin'
[2025-01-27 14:49:26Z INFO HostContext] Well known directory 'Root': 'D:\PROGRAMING\3rdprdev\actions-runner'
[2025-01-27 14:49:26Z INFO HostContext] Well known config file 'RSACredentials': 'D:\PROGRAMING\3rdprdev\actions-runner\.credentials_rsaparams'
[2025-01-27 14:49:26Z INFO RSAEncryptedFileKeyManager] Creating new RSA key using 2048-bit key length
[2025-01-27 14:49:26Z INFO RSAEncryptedFileKeyManager] Successfully saved RSA key parameters to file D:\PROGRAMING\3rdprdev\actions-runner\.credentials_rsaparams
[2025-01-27 14:49:27Z INFO CommandSettings] Arg 'runnergroup': ''
[2025-01-27 14:49:27Z INFO CommandSettings] Flag 'unattended': 'False'
[2025-01-27 14:49:27Z INFO PromptManager] ReadValue
[2025-01-27 14:49:27Z INFO Terminal] WRITE: Enter the name of the runner group to add this runner to: 
[2025-01-27 14:49:27Z INFO Terminal] WRITE: [press Enter for Default] 
[2025-01-27 14:49:27Z INFO Terminal] READ LINE
[2025-01-27 14:49:29Z INFO Terminal] Read value: ''
[2025-01-27 14:49:29Z INFO PromptManager] Falling back to the default: 'Default'
[2025-01-27 14:49:29Z INFO Terminal] WRITE LINE: 
[2025-01-27 14:49:29Z INFO ConfigurationManager] Found a self-hosted runner group with id 1 and name Default
[2025-01-27 14:49:29Z INFO CommandSettings] Flag 'disableupdate': 'False'
[2025-01-27 14:49:29Z INFO CommandSettings] Flag 'ephemeral': 'False'
[2025-01-27 14:49:29Z INFO CommandSettings] Arg 'name': ''
[2025-01-27 14:49:29Z INFO CommandSettings] Flag 'unattended': 'False'
[2025-01-27 14:49:29Z INFO PromptManager] ReadValue
[2025-01-27 14:49:29Z INFO Terminal] WRITE: Enter the name of runner: 
[2025-01-27 14:49:29Z INFO Terminal] WRITE: [press Enter for ADITHYAA] 
[2025-01-27 14:49:29Z INFO Terminal] READ LINE
[2025-01-27 14:49:30Z INFO Terminal] Read value: ''
[2025-01-27 14:49:30Z INFO PromptManager] Falling back to the default: 'ADITHYAA'
[2025-01-27 14:49:30Z INFO Terminal] WRITE LINE: 
[2025-01-27 14:49:30Z INFO CommandSettings] Arg 'labels': ''
[2025-01-27 14:49:30Z INFO CommandSettings] Flag 'unattended': 'False'
[2025-01-27 14:49:30Z INFO PromptManager] ReadValue
[2025-01-27 14:49:30Z INFO Terminal] WRITE: This runner will have the following labels: 'self-hosted', 'Windows', 'X64' 
Enter any additional labels (ex. label-1,label-2): 
[2025-01-27 14:49:30Z INFO Terminal] WRITE: [press Enter to skip] 
[2025-01-27 14:49:30Z INFO Terminal] READ LINE
[2025-01-27 14:49:32Z INFO Terminal] Read value: ''
[2025-01-27 14:49:32Z INFO Terminal] WRITE LINE: 
[2025-01-27 14:49:32Z INFO CommandSettings] Flag 'disableupdate': 'False'
[2025-01-27 14:49:32Z INFO CommandSettings] Flag 'no-default-labels': 'False'
[2025-01-27 14:49:32Z INFO CommandSettings] Flag 'disableupdate': 'False'
[2025-01-27 14:49:32Z INFO CommandSettings] Flag 'ephemeral': 'False'
[2025-01-27 14:49:32Z INFO ConfigurationStore] Saving OAuth credential @ D:\PROGRAMING\3rdprdev\actions-runner\.credentials
[2025-01-27 14:49:32Z INFO ConfigurationStore] Credentials Saved.
[2025-01-27 14:49:32Z INFO ConfigurationStore] HasCredentials()
[2025-01-27 14:49:32Z INFO ConfigurationStore] stored True
[2025-01-27 14:49:33Z INFO CredentialManager] GetCredentialProvider
[2025-01-27 14:49:33Z INFO CredentialManager] Creating type OAuth
[2025-01-27 14:49:33Z INFO CredentialManager] Creating credential type: OAuth
[2025-01-27 14:49:33Z INFO RSAEncryptedFileKeyManager] Loading RSA key parameters from file D:\PROGRAMING\3rdprdev\actions-runner\.credentials_rsaparams
[2025-01-27 14:49:33Z INFO RunnerServer] EstablishVssConnection
[2025-01-27 14:49:33Z INFO RunnerServer] Establish connection with 100 seconds timeout.
[2025-01-27 14:49:33Z INFO GitHubActionsService] Starting operation Location.GetConnectionData
[2025-01-27 14:49:33Z INFO RunnerServer] EstablishVssConnection
[2025-01-27 14:49:33Z INFO RunnerServer] Establish connection with 60 seconds timeout.
[2025-01-27 14:49:33Z INFO GitHubActionsService] Starting operation Location.GetConnectionData
[2025-01-27 14:49:33Z INFO RunnerServer] EstablishVssConnection
[2025-01-27 14:49:33Z INFO RunnerServer] Establish connection with 60 seconds timeout.
[2025-01-27 14:49:33Z INFO GitHubActionsService] Starting operation Location.GetConnectionData
[2025-01-27 14:49:33Z INFO GitHubActionsService] Finished operation Location.GetConnectionData
[2025-01-27 14:49:33Z INFO GitHubActionsService] Finished operation Location.GetConnectionData
[2025-01-27 14:49:34Z INFO GitHubActionsService] Finished operation Location.GetConnectionData
[2025-01-27 14:49:34Z INFO RSAEncryptedFileKeyManager] Loading RSA key parameters from file D:\PROGRAMING\3rdprdev\actions-runner\.credentials_rsaparams
[2025-01-27 14:49:34Z INFO RSAEncryptedFileKeyManager] Loading RSA key parameters from file D:\PROGRAMING\3rdprdev\actions-runner\.credentials_rsaparams
[2025-01-27 14:49:35Z INFO GitHubActionsService] AAD Correlation ID for this token request: Unknown
[2025-01-27 14:49:35Z INFO CommandSettings] Arg 'work': ''
[2025-01-27 14:49:35Z INFO CommandSettings] Flag 'unattended': 'False'
[2025-01-27 14:49:35Z INFO PromptManager] ReadValue
[2025-01-27 14:49:35Z INFO Terminal] WRITE: Enter name of work folder: 
[2025-01-27 14:49:35Z INFO Terminal] WRITE: [press Enter for _work] 
[2025-01-27 14:49:35Z INFO Terminal] READ LINE
[2025-01-27 14:49:37Z INFO Terminal] Read value: ''
[2025-01-27 14:49:37Z INFO PromptManager] Falling back to the default: '_work'
[2025-01-27 14:49:37Z INFO ConfigurationStore] Saving runner settings.
[2025-01-27 14:49:37Z INFO ConfigurationStore] Settings Saved.
[2025-01-27 14:49:37Z INFO Terminal] WRITE LINE: 
[2025-01-27 14:49:37Z INFO Terminal] WRITE LINE: 
[2025-01-27 14:49:37Z INFO CommandSettings] Flag 'runasservice': 'False'
[2025-01-27 14:49:37Z INFO CommandSettings] Flag 'unattended': 'False'
[2025-01-27 14:49:37Z INFO PromptManager] ReadValue
[2025-01-27 14:49:37Z INFO Terminal] WRITE: Would you like to run the runner as service? (Y/N) 
[2025-01-27 14:49:37Z INFO Terminal] WRITE: [press Enter for N] 
[2025-01-27 14:49:37Z INFO Terminal] READ LINE
[2025-01-27 14:49:41Z INFO Terminal] Read value: 'Y'
[2025-01-27 14:49:41Z INFO ConfigurationManager] Configuring to run the agent as service
[2025-01-27 14:49:41Z INFO CommandSettings] Arg 'windowslogonaccount': ''
[2025-01-27 14:49:41Z INFO CommandSettings] Flag 'unattended': 'False'
[2025-01-27 14:49:41Z INFO PromptManager] ReadValue
[2025-01-27 14:49:41Z INFO Terminal] WRITE: User account to use for the service 
[2025-01-27 14:49:41Z INFO Terminal] WRITE: [press Enter for NT AUTHORITY\NETWORK SERVICE] 
[2025-01-27 14:49:41Z INFO Terminal] READ LINE
[2025-01-27 14:49:46Z INFO Terminal] Read value: ''
[2025-01-27 14:49:46Z INFO PromptManager] Falling back to the default: 'NT AUTHORITY\NETWORK SERVICE'
[2025-01-27 14:49:46Z INFO WindowsServiceControlManager] LogonAccount after transforming: NT AUTHORITY\NETWORK SERVICE, user: NETWORK SERVICE, domain: NT AUTHORITY
[2025-01-27 14:49:46Z INFO WindowsServiceControlManager] Service name 'actions.runner.adithyaLaxmiprasad-3rdprdev.ADITHYAA' display name 'GitHub Actions Runner (adithyaLaxmiprasad-3rdprdev.ADITHYAA)' will be used for service configuration.
[2025-01-27 14:49:46Z INFO WindowsServiceControlManager] Verifying if the account has LogonAsService permission
[2025-01-27 14:49:46Z INFO NativeWindowsServiceHelper] Successfully grant logon as service privilege to account 'NETWORK SERVICE'
[2025-01-27 14:49:46Z INFO WindowsServiceControlManager] Create local group and grant folder permission to service logon account.
[2025-01-27 14:49:46Z INFO HostContext] Well known directory 'Bin': 'D:\PROGRAMING\3rdprdev\actions-runner\bin'
[2025-01-27 14:49:46Z INFO HostContext] Well known directory 'Root': 'D:\PROGRAMING\3rdprdev\actions-runner'
[2025-01-27 14:49:46Z INFO ConfigurationStore] Read setting file: 310 chars
[2025-01-27 14:49:46Z INFO HostContext] Well known directory 'Bin': 'D:\PROGRAMING\3rdprdev\actions-runner\bin'
[2025-01-27 14:49:46Z INFO HostContext] Well known directory 'Root': 'D:\PROGRAMING\3rdprdev\actions-runner'
[2025-01-27 14:49:46Z INFO HostContext] Well known directory 'Work': 'D:\PROGRAMING\3rdprdev\actions-runner\_work'
[2025-01-27 14:49:46Z INFO HostContext] Well known directory 'Bin': 'D:\PROGRAMING\3rdprdev\actions-runner\bin'
[2025-01-27 14:49:46Z INFO NativeWindowsServiceHelper] Calculated unique group name GITHUB_ActionsRunner_Gfd8dc
[2025-01-27 14:49:46Z INFO NativeWindowsServiceHelper] Trying to create group GITHUB_ActionsRunner_Gfd8dc
[2025-01-27 14:49:46Z INFO NativeWindowsServiceHelper] Local Group 'GITHUB_ActionsRunner_Gfd8dc' created
[2025-01-27 14:49:46Z INFO NativeWindowsServiceHelper] Trying to add userName NT AUTHORITY\NETWORK SERVICE to the group GITHUB_ActionsRunner_Gfd8dc
[2025-01-27 14:49:46Z INFO NativeWindowsServiceHelper] Account 'NT AUTHORITY\NETWORK SERVICE' is added to local group 'GITHUB_ActionsRunner_Gfd8dc'.
[2025-01-27 14:49:46Z INFO NativeWindowsServiceHelper] Set full access control to group for the folder D:\PROGRAMING\3rdprdev\actions-runner
[2025-01-27 14:49:46Z INFO NativeWindowsServiceHelper] Set full access control to group for the folder D:\PROGRAMING\3rdprdev\actions-runner\_work
[2025-01-27 14:49:46Z INFO NativeWindowsServiceHelper] Local group 'GITHUB_ActionsRunner_Gfd8dc' already has full control to path 'D:\PROGRAMING\3rdprdev\actions-runner\_work'.
[2025-01-27 14:49:46Z INFO Terminal] WRITE LINE: Granting file permissions to 'NT AUTHORITY\NETWORK SERVICE'.
[2025-01-27 14:49:46Z INFO HostContext] Well known directory 'Bin': 'D:\PROGRAMING\3rdprdev\actions-runner\bin'
[2025-01-27 14:49:46Z INFO ProcessInvokerWrapper] Starting process:
[2025-01-27 14:49:46Z INFO ProcessInvokerWrapper]   File name: '"D:\PROGRAMING\3rdprdev\actions-runner\bin\RunnerService.exe"'
[2025-01-27 14:49:46Z INFO ProcessInvokerWrapper]   Arguments: 'init'
[2025-01-27 14:49:46Z INFO ProcessInvokerWrapper]   Working directory: ''
[2025-01-27 14:49:46Z INFO ProcessInvokerWrapper]   Require exit code zero: 'True'
[2025-01-27 14:49:46Z INFO ProcessInvokerWrapper]   Encoding web name:  ; code page: ''
[2025-01-27 14:49:46Z INFO ProcessInvokerWrapper]   Force kill process on cancellation: 'False'
[2025-01-27 14:49:46Z INFO ProcessInvokerWrapper]   Redirected STDIN: 'False'
[2025-01-27 14:49:46Z INFO ProcessInvokerWrapper]   Persist current code page: 'False'
[2025-01-27 14:49:46Z INFO ProcessInvokerWrapper]   Keep redirected STDIN open: 'False'
[2025-01-27 14:49:46Z INFO ProcessInvokerWrapper]   High priority process: 'False'
[2025-01-27 14:49:46Z INFO ProcessInvokerWrapper] Process started with process id 9732, waiting for process exit.
[2025-01-27 14:49:46Z INFO ProcessInvokerWrapper] STDOUT/STDERR stream read finished.
[2025-01-27 14:49:46Z INFO ProcessInvokerWrapper] STDOUT/STDERR stream read finished.
[2025-01-27 14:49:46Z INFO ProcessInvokerWrapper] Finished process 9732 with exit code 0, and elapsed time 00:00:00.1349222.
[2025-01-27 14:49:46Z INFO Terminal] WRITE LINE: Service actions.runner.adithyaLaxmiprasad-3rdprdev.ADITHYAA successfully installed
[2025-01-27 14:49:46Z INFO Terminal] WRITE LINE: Service actions.runner.adithyaLaxmiprasad-3rdprdev.ADITHYAA successfully set recovery option
[2025-01-27 14:49:46Z INFO Terminal] WRITE LINE: Service actions.runner.adithyaLaxmiprasad-3rdprdev.ADITHYAA successfully set to delayed auto start
[2025-01-27 14:49:46Z INFO Terminal] WRITE LINE: Service actions.runner.adithyaLaxmiprasad-3rdprdev.ADITHYAA successfully configured
[2025-01-27 14:49:46Z INFO HostContext] Well known directory 'Bin': 'D:\PROGRAMING\3rdprdev\actions-runner\bin'
[2025-01-27 14:49:46Z INFO HostContext] Well known directory 'Root': 'D:\PROGRAMING\3rdprdev\actions-runner'
[2025-01-27 14:49:46Z INFO HostContext] Well known config file 'Service': 'D:\PROGRAMING\3rdprdev\actions-runner\.service'
[2025-01-27 14:49:46Z INFO WindowsServiceControlManager] Configuration was successful, trying to start the service
[2025-01-27 14:49:46Z INFO Terminal] WRITE LINE: Waiting for service to start...
[2025-01-27 14:49:46Z INFO Terminal] WRITE LINE: Service actions.runner.adithyaLaxmiprasad-3rdprdev.ADITHYAA started successfully
[2025-01-27 14:49:46Z INFO Listener] Runner execution has finished with return code 0
